{"name":"afterMethod","status":"broken","statusDetails":{"known":false,"muted":false,"flaky":false,"message":"Expected condition failed: waiting for visibility of element located by By.xpath: //*[text()='Disconnect '] (tried for 10 second(s) with 500 milliseconds interval)","trace":"org.openqa.selenium.TimeoutException: Expected condition failed: waiting for visibility of element located by By.xpath: //*[text()='Disconnect '] (tried for 10 second(s) with 500 milliseconds interval)\r\n\tat org.openqa.selenium.support.ui.WebDriverWait.timeoutException(WebDriverWait.java:81)\r\n\tat org.openqa.selenium.support.ui.FluentWait.until(FluentWait.java:271)\r\n\tat com.investaSolutions.utils.SeleniumUtils.waitForElementVisibility(SeleniumUtils.java:43)\r\n\tat com.investaSolutions.utils.UserFunctions.clickLogout(UserFunctions.java:42)\r\n\tat com.investaSolutions.utils.UserFunctions.LogOut(UserFunctions.java:79)\r\n\tat com.investaSolutions.base.TestBase.afterMethod(TestBase.java:189)\r\n\tat sun.reflect.NativeMethodAccessorImpl.invoke0(Native Method)\r\n\tat sun.reflect.NativeMethodAccessorImpl.invoke(Unknown Source)\r\n\tat sun.reflect.DelegatingMethodAccessorImpl.invoke(Unknown Source)\r\n\tat java.lang.reflect.Method.invoke(Unknown Source)\r\n\tat org.testng.internal.MethodInvocationHelper.invokeMethod(MethodInvocationHelper.java:85)\r\n\tat org.testng.internal.Invoker.invokeConfigurationMethod(Invoker.java:510)\r\n\tat org.testng.internal.Invoker.invokeConfigurations(Invoker.java:211)\r\n\tat org.testng.internal.Invoker.invokeMethod(Invoker.java:703)\r\n\tat org.testng.internal.Invoker.invokeTestMethod(Invoker.java:816)\r\n\tat org.testng.internal.Invoker.invokeTestMethods(Invoker.java:1124)\r\n\tat org.testng.internal.TestMethodWorker.invokeTestMethods(TestMethodWorker.java:125)\r\n\tat org.testng.internal.TestMethodWorker.run(TestMethodWorker.java:108)\r\n\tat org.testng.TestRunner.privateRun(TestRunner.java:774)\r\n\tat org.testng.TestRunner.run(TestRunner.java:624)\r\n\tat org.testng.SuiteRunner.runTest(SuiteRunner.java:359)\r\n\tat org.testng.SuiteRunner.runSequentially(SuiteRunner.java:354)\r\n\tat org.testng.SuiteRunner.privateRun(SuiteRunner.java:312)\r\n\tat org.testng.SuiteRunner.run(SuiteRunner.java:261)\r\n\tat org.testng.SuiteRunnerWorker.runSuite(SuiteRunnerWorker.java:52)\r\n\tat org.testng.SuiteRunnerWorker.run(SuiteRunnerWorker.java:86)\r\n\tat org.testng.TestNG.runSuitesSequentially(TestNG.java:1215)\r\n\tat org.testng.TestNG.runSuitesLocally(TestNG.java:1140)\r\n\tat org.testng.TestNG.run(TestNG.java:1048)\r\n\tat org.apache.maven.surefire.testng.TestNGExecutor.run(TestNGExecutor.java:283)\r\n\tat org.apache.maven.surefire.testng.TestNGXmlTestSuite.execute(TestNGXmlTestSuite.java:75)\r\n\tat org.apache.maven.surefire.testng.TestNGProvider.invoke(TestNGProvider.java:120)\r\n\tat org.apache.maven.surefire.booter.ForkedBooter.invokeProviderInSameClassLoader(ForkedBooter.java:386)\r\n\tat org.apache.maven.surefire.booter.ForkedBooter.runSuitesInProcess(ForkedBooter.java:323)\r\n\tat org.apache.maven.surefire.booter.ForkedBooter.main(ForkedBooter.java:143)\r\nCaused by: org.openqa.selenium.NoSuchElementException: Cannot locate an element using By.xpath: //*[text()='Disconnect ']\nFor documentation on this error, please visit: http://seleniumhq.org/exceptions/no_such_element.html\nBuild info: version: '3.13.0', revision: '2f0d292', time: '2018-06-25T15:24:21.231Z'\nSystem info: host: 'RACD-002157', ip: '10.11.2.121', os.name: 'Windows 10', os.arch: 'amd64', os.version: '10.0', java.version: '1.8.0_201'\nDriver info: driver.version: unknown\r\n\tat org.openqa.selenium.support.ui.ExpectedConditions.lambda$findElement$0(ExpectedConditions.java:896)\r\n\tat java.util.Optional.orElseThrow(Unknown Source)\r\n\tat org.openqa.selenium.support.ui.ExpectedConditions.findElement(ExpectedConditions.java:895)\r\n\tat org.openqa.selenium.support.ui.ExpectedConditions.access$000(ExpectedConditions.java:44)\r\n\tat org.openqa.selenium.support.ui.ExpectedConditions$7.apply(ExpectedConditions.java:206)\r\n\tat org.openqa.selenium.support.ui.ExpectedConditions$7.apply(ExpectedConditions.java:202)\r\n\tat org.openqa.selenium.support.ui.FluentWait.until(FluentWait.java:248)\r\n\t... 33 more\r\n"},"stage":"finished","steps":[],"attachments":[],"parameters":[{"name":"browser","value":"chrome"}],"start":1564569360681,"stop":1564569360681,"uuid":"e7f1675b-ea29-4b06-a627-80b881a3fed4","historyId":"4f341e5a6f1be3785882e18f988fde36","fullName":"com.investaSolutions.base.TestBase.afterMethod","labels":[{"name":"package","value":"com.investaSolutions.tests.VerifyInstrumentManagementsTest"},{"name":"testClass","value":"com.investaSolutions.tests.VerifyInstrumentManagementsTest"},{"name":"testMethod","value":"afterMethod"},{"name":"parentSuite","value":"Suite"},{"name":"suite","value":"Test"},{"name":"subSuite","value":"com.investaSolutions.tests.VerifyInstrumentManagementsTest"},{"name":"host","value":"RACD-002157"},{"name":"thread","value":"4600@RACD-002157.main(1)"},{"name":"framework","value":"testng"},{"name":"language","value":"java"}],"links":[]}